<?xml version="1.0" encoding="UTF-8"?>
<!-- Generated by org.testng.reporters.JUnitReportReporter -->
<testsuite hostname="PrasanVidya" failures="0" tests="1" name="tests.EmployeeWithholdingsTest" time="11.352" errors="0" timestamp="2021-04-12T21:22:30 EDT" skipped="0">
  <testcase classname="tests.EmployeeWithholdingsTest" name="verifyEmployeeWithholdingData" time="11.352"/>
  <system-out/>
</testsuite> <!-- tests.EmployeeWithholdingsTest -->
