<?xml version="1.0" encoding="UTF-8"?>
<!-- Generated by org.testng.reporters.JUnitReportReporter -->
<testsuite hostname="PrasanVidya" failures="0" tests="1" name="tests.EmployeeWithholdingsTest" time="24.045" errors="0" timestamp="2021-04-12T20:01:00 EDT" skipped="0">
  <testcase classname="tests.EmployeeWithholdingsTest" name="verifyEmployeeWithholdingData" time="24.045"/>
  <system-out/>
</testsuite> <!-- tests.EmployeeWithholdingsTest -->
